This is pdfTeX, Version 3.14159265-2.6-1.40.16 (TeX Live 2015) (preloaded format=pdflatex 2015.12.6)  3 MAY 2016 14:16
entering extended mode
 restricted \write18 enabled.
 file:line:error style messages enabled.
 %&-line parsing enabled.
**Project.tex
(./Project.tex
LaTeX2e <2015/01/01>
Babel <3.9l> and hyphenation patterns for 79 languages loaded.
(/usr/local/texlive/2015/texmf-dist/tex/latex/base/article.cls
Document Class: article 2014/09/29 v1.4h Standard LaTeX document class
(/usr/local/texlive/2015/texmf-dist/tex/latex/base/size12.clo
File: size12.clo 2014/09/29 v1.4h Standard LaTeX file (size option)
)
\c@part=\count79
\c@section=\count80
\c@subsection=\count81
\c@subsubsection=\count82
\c@paragraph=\count83
\c@subparagraph=\count84
\c@figure=\count85
\c@table=\count86
\abovecaptionskip=\skip41
\belowcaptionskip=\skip42
\bibindent=\dimen102
)
(/usr/local/texlive/2015/texmf-dist/tex/latex/graphics/graphicx.sty
Package: graphicx 2014/10/28 v1.0g Enhanced LaTeX Graphics (DPC,SPQR)

(/usr/local/texlive/2015/texmf-dist/tex/latex/graphics/keyval.sty
Package: keyval 2014/10/28 v1.15 key=value parser (DPC)
\KV@toks@=\toks14
)
(/usr/local/texlive/2015/texmf-dist/tex/latex/graphics/graphics.sty
Package: graphics 2014/10/28 v1.0p Standard LaTeX Graphics (DPC,SPQR)

(/usr/local/texlive/2015/texmf-dist/tex/latex/graphics/trig.sty
Package: trig 1999/03/16 v1.09 sin cos tan (DPC)
)
(/usr/local/texlive/2015/texmf-dist/tex/latex/latexconfig/graphics.cfg
File: graphics.cfg 2010/04/23 v1.9 graphics configuration of TeX Live
)
Package graphics Info: Driver file: pdftex.def on input line 94.

(/usr/local/texlive/2015/texmf-dist/tex/latex/pdftex-def/pdftex.def
File: pdftex.def 2011/05/27 v0.06d Graphics/color for pdfTeX

(/usr/local/texlive/2015/texmf-dist/tex/generic/oberdiek/infwarerr.sty
Package: infwarerr 2010/04/08 v1.3 Providing info/warning/error messages (HO)
)
(/usr/local/texlive/2015/texmf-dist/tex/generic/oberdiek/ltxcmds.sty
Package: ltxcmds 2011/11/09 v1.22 LaTeX kernel commands for general use (HO)
)
\Gread@gobject=\count87
))
\Gin@req@height=\dimen103
\Gin@req@width=\dimen104
)
(/usr/local/texlive/2015/texmf-dist/tex/latex/amsmath/amsmath.sty
Package: amsmath 2013/01/14 v2.14 AMS math features
\@mathmargin=\skip43

For additional information on amsmath, use the `?' option.
(/usr/local/texlive/2015/texmf-dist/tex/latex/amsmath/amstext.sty
Package: amstext 2000/06/29 v2.01

(/usr/local/texlive/2015/texmf-dist/tex/latex/amsmath/amsgen.sty
File: amsgen.sty 1999/11/30 v2.0
\@emptytoks=\toks15
\ex@=\dimen105
))
(/usr/local/texlive/2015/texmf-dist/tex/latex/amsmath/amsbsy.sty
Package: amsbsy 1999/11/29 v1.2d
\pmbraise@=\dimen106
)
(/usr/local/texlive/2015/texmf-dist/tex/latex/amsmath/amsopn.sty
Package: amsopn 1999/12/14 v2.01 operator names
)
\inf@bad=\count88
LaTeX Info: Redefining \frac on input line 210.
\uproot@=\count89
\leftroot@=\count90
LaTeX Info: Redefining \overline on input line 306.
\classnum@=\count91
\DOTSCASE@=\count92
LaTeX Info: Redefining \ldots on input line 378.
LaTeX Info: Redefining \dots on input line 381.
LaTeX Info: Redefining \cdots on input line 466.
\Mathstrutbox@=\box26
\strutbox@=\box27
\big@size=\dimen107
LaTeX Font Info:    Redeclaring font encoding OML on input line 566.
LaTeX Font Info:    Redeclaring font encoding OMS on input line 567.
\macc@depth=\count93
\c@MaxMatrixCols=\count94
\dotsspace@=\muskip10
\c@parentequation=\count95
\dspbrk@lvl=\count96
\tag@help=\toks16
\row@=\count97
\column@=\count98
\maxfields@=\count99
\andhelp@=\toks17
\eqnshift@=\dimen108
\alignsep@=\dimen109
\tagshift@=\dimen110
\tagwidth@=\dimen111
\totwidth@=\dimen112
\lineht@=\dimen113
\@envbody=\toks18
\multlinegap=\skip44
\multlinetaggap=\skip45
\mathdisplay@stack=\toks19
LaTeX Info: Redefining \[ on input line 2665.
LaTeX Info: Redefining \] on input line 2666.
)
(/usr/local/texlive/2015/texmf-dist/tex/latex/amsfonts/amsfonts.sty
Package: amsfonts 2013/01/14 v3.01 Basic AMSFonts support
\symAMSa=\mathgroup4
\symAMSb=\mathgroup5
LaTeX Font Info:    Overwriting math alphabet `\mathfrak' in version `bold'
(Font)                  U/euf/m/n --> U/euf/b/n on input line 106.
)
(/usr/local/texlive/2015/texmf-dist/tex/latex/caption/subcaption.sty
Package: subcaption 2013/02/03 v1.1-62 Sub-captions (AR)

(/usr/local/texlive/2015/texmf-dist/tex/latex/caption/caption.sty
Package: caption 2013/05/02 v3.3-89 Customizing captions (AR)

(/usr/local/texlive/2015/texmf-dist/tex/latex/caption/caption3.sty
Package: caption3 2013/05/02 v1.6-88 caption3 kernel (AR)
Package caption3 Info: TeX engine: e-TeX on input line 57.
\captionmargin=\dimen114
\captionmargin@=\dimen115
\captionwidth=\dimen116
\caption@tempdima=\dimen117
\caption@indent=\dimen118
\caption@parindent=\dimen119
\caption@hangindent=\dimen120
)
\c@ContinuedFloat=\count100
)
\c@subfigure=\count101
\c@subtable=\count102
)
(/usr/local/texlive/2015/texmf-dist/tex/latex/float/float.sty
Package: float 2001/11/08 v1.3d Float enhancements (AL)
\c@float@type=\count103
\float@exts=\toks20
\float@box=\box28
\@float@everytoks=\toks21
\@floatcapt=\box29
)
(/usr/local/texlive/2015/texmf-dist/tex/latex/listings/listings.sty
\lst@mode=\count104
\lst@gtempboxa=\box30
\lst@token=\toks22
\lst@length=\count105
\lst@currlwidth=\dimen121
\lst@column=\count106
\lst@pos=\count107
\lst@lostspace=\dimen122
\lst@width=\dimen123
\lst@newlines=\count108
\lst@lineno=\count109
\lst@maxwidth=\dimen124

(/usr/local/texlive/2015/texmf-dist/tex/latex/listings/lstmisc.sty
File: lstmisc.sty 2014/09/06 1.5e (Carsten Heinz)
\c@lstnumber=\count110
\lst@skipnumbers=\count111
\lst@framebox=\box31
)
(/usr/local/texlive/2015/texmf-dist/tex/latex/listings/listings.cfg
File: listings.cfg 2014/09/06 1.5e listings configuration
))
Package: listings 2014/09/06 1.5e (Carsten Heinz)

(/usr/local/texlive/2015/texmf-dist/tex/latex/graphics/color.sty
Package: color 2014/10/28 v1.1a Standard LaTeX Color (DPC)

(/usr/local/texlive/2015/texmf-dist/tex/latex/latexconfig/color.cfg
File: color.cfg 2007/01/18 v1.5 color configuration of teTeX/TeXLive
)
Package color Info: Driver file: pdftex.def on input line 142.
)
(/usr/local/texlive/2015/texmf-dist/tex/latex/hyperref/hyperref.sty
Package: hyperref 2012/11/06 v6.83m Hypertext links for LaTeX

(/usr/local/texlive/2015/texmf-dist/tex/generic/oberdiek/hobsub-hyperref.sty
Package: hobsub-hyperref 2012/05/28 v1.13 Bundle oberdiek, subset hyperref (HO)


(/usr/local/texlive/2015/texmf-dist/tex/generic/oberdiek/hobsub-generic.sty
Package: hobsub-generic 2012/05/28 v1.13 Bundle oberdiek, subset generic (HO)
Package: hobsub 2012/05/28 v1.13 Construct package bundles (HO)
Package hobsub Info: Skipping package `infwarerr' (already loaded).
Package hobsub Info: Skipping package `ltxcmds' (already loaded).
Package: ifluatex 2010/03/01 v1.3 Provides the ifluatex switch (HO)
Package ifluatex Info: LuaTeX not detected.
Package: ifvtex 2010/03/01 v1.5 Detect VTeX and its facilities (HO)
Package ifvtex Info: VTeX not detected.
Package: intcalc 2007/09/27 v1.1 Expandable calculations with integers (HO)
Package: ifpdf 2011/01/30 v2.3 Provides the ifpdf switch (HO)
Package ifpdf Info: pdfTeX in PDF mode is detected.
Package: etexcmds 2011/02/16 v1.5 Avoid name clashes with e-TeX commands (HO)
Package etexcmds Info: Could not find \expanded.
(etexcmds)             That can mean that you are not using pdfTeX 1.50 or
(etexcmds)             that some package has redefined \expanded.
(etexcmds)             In the latter case, load this package earlier.
Package: kvsetkeys 2012/04/25 v1.16 Key value parser (HO)
Package: kvdefinekeys 2011/04/07 v1.3 Define keys (HO)
Package: pdftexcmds 2011/11/29 v0.20 Utility functions of pdfTeX for LuaTeX (HO
)
Package pdftexcmds Info: LuaTeX not detected.
Package pdftexcmds Info: \pdf@primitive is available.
Package pdftexcmds Info: \pdf@ifprimitive is available.
Package pdftexcmds Info: \pdfdraftmode found.
Package: pdfescape 2011/11/25 v1.13 Implements pdfTeX's escape features (HO)
Package: bigintcalc 2012/04/08 v1.3 Expandable calculations on big integers (HO
)
Package: bitset 2011/01/30 v1.1 Handle bit-vector datatype (HO)
Package: uniquecounter 2011/01/30 v1.2 Provide unlimited unique counter (HO)
)
Package hobsub Info: Skipping package `hobsub' (already loaded).
Package: letltxmacro 2010/09/02 v1.4 Let assignment for LaTeX macros (HO)
Package: hopatch 2012/05/28 v1.2 Wrapper for package hooks (HO)
Package: xcolor-patch 2011/01/30 xcolor patch
Package: atveryend 2011/06/30 v1.8 Hooks at the very end of document (HO)
Package atveryend Info: \enddocument detected (standard20110627).
Package: atbegshi 2011/10/05 v1.16 At begin shipout hook (HO)
Package: refcount 2011/10/16 v3.4 Data extraction from label references (HO)
Package: hycolor 2011/01/30 v1.7 Color options for hyperref/bookmark (HO)
)
(/usr/local/texlive/2015/texmf-dist/tex/generic/ifxetex/ifxetex.sty
Package: ifxetex 2010/09/12 v0.6 Provides ifxetex conditional
)
(/usr/local/texlive/2015/texmf-dist/tex/latex/oberdiek/auxhook.sty
Package: auxhook 2011/03/04 v1.3 Hooks for auxiliary files (HO)
)
(/usr/local/texlive/2015/texmf-dist/tex/latex/oberdiek/kvoptions.sty
Package: kvoptions 2011/06/30 v3.11 Key value format for package options (HO)
)
\@linkdim=\dimen125
\Hy@linkcounter=\count112
\Hy@pagecounter=\count113

(/usr/local/texlive/2015/texmf-dist/tex/latex/hyperref/pd1enc.def
File: pd1enc.def 2012/11/06 v6.83m Hyperref: PDFDocEncoding definition (HO)
)
\Hy@SavedSpaceFactor=\count114

(/usr/local/texlive/2015/texmf-dist/tex/latex/latexconfig/hyperref.cfg
File: hyperref.cfg 2002/06/06 v1.2 hyperref configuration of TeXLive
)
Package hyperref Info: Hyper figures OFF on input line 4443.
Package hyperref Info: Link nesting OFF on input line 4448.
Package hyperref Info: Hyper index ON on input line 4451.
Package hyperref Info: Plain pages OFF on input line 4458.
Package hyperref Info: Backreferencing OFF on input line 4463.
Package hyperref Info: Implicit mode ON; LaTeX internals redefined.
Package hyperref Info: Bookmarks ON on input line 4688.
\c@Hy@tempcnt=\count115

(/usr/local/texlive/2015/texmf-dist/tex/latex/url/url.sty
\Urlmuskip=\muskip11
Package: url 2013/09/16  ver 3.4  Verb mode for urls, etc.
)
LaTeX Info: Redefining \url on input line 5041.
\XeTeXLinkMargin=\dimen126
\Fld@menulength=\count116
\Field@Width=\dimen127
\Fld@charsize=\dimen128
Package hyperref Info: Hyper figures OFF on input line 6295.
Package hyperref Info: Link nesting OFF on input line 6300.
Package hyperref Info: Hyper index ON on input line 6303.
Package hyperref Info: backreferencing OFF on input line 6310.
Package hyperref Info: Link coloring OFF on input line 6315.
Package hyperref Info: Link coloring with OCG OFF on input line 6320.
Package hyperref Info: PDF/A mode OFF on input line 6325.
LaTeX Info: Redefining \ref on input line 6365.
LaTeX Info: Redefining \pageref on input line 6369.
\Hy@abspage=\count117
\c@Item=\count118
\c@Hfootnote=\count119
)

Package hyperref Message: Driver (autodetected): hpdftex.

(/usr/local/texlive/2015/texmf-dist/tex/latex/hyperref/hpdftex.def
File: hpdftex.def 2012/11/06 v6.83m Hyperref driver for pdfTeX
\Fld@listcount=\count120
\c@bookmark@seq@number=\count121

(/usr/local/texlive/2015/texmf-dist/tex/latex/oberdiek/rerunfilecheck.sty
Package: rerunfilecheck 2011/04/15 v1.7 Rerun checks for auxiliary files (HO)
Package uniquecounter Info: New unique counter `rerunfilecheck' on input line 2
82.
)
\Hy@SectionHShift=\skip46
)
(/usr/local/texlive/2015/texmf-dist/tex/latex/rotating/rotating.sty
Package: rotating 2009/03/28 v2.16a rotated objects in LaTeX

(/usr/local/texlive/2015/texmf-dist/tex/latex/base/ifthen.sty
Package: ifthen 2014/09/29 v1.1c Standard LaTeX ifthen package (DPC)
)
\c@r@tfl@t=\count122
\rotFPtop=\skip47
\rotFPbot=\skip48
\rot@float@box=\box32
\rot@mess@toks=\toks23
)
(/usr/local/texlive/2015/texmf-dist/tex/latex/oberdiek/pdflscape.sty
Package: pdflscape 2008/08/11 v0.10 Display of landscape pages in PDF (HO)

(/usr/local/texlive/2015/texmf-dist/tex/latex/graphics/lscape.sty
Package: lscape 2000/10/22 v3.01 Landscape Pages (DPC)
)
Package pdflscape Info: Auto-detected driver: pdftex on input line 80.
)
(/usr/local/texlive/2015/texmf-dist/tex/latex/dirtytalk/dirtytalk.sty
Package: dirtytalk 2010/11/21 A package making "quoting" easier
\c@dirtytalk@qdepth=\count123
)
(/usr/local/texlive/2015/texmf-dist/tex/latex/listings/lstlang1.sty
File: lstlang1.sty 2014/09/06 1.5e listings language file
)
(./Project.aux)
\openout1 = `Project.aux'.

LaTeX Font Info:    Checking defaults for OML/cmm/m/it on input line 29.
LaTeX Font Info:    ... okay on input line 29.
LaTeX Font Info:    Checking defaults for T1/cmr/m/n on input line 29.
LaTeX Font Info:    ... okay on input line 29.
LaTeX Font Info:    Checking defaults for OT1/cmr/m/n on input line 29.
LaTeX Font Info:    ... okay on input line 29.
LaTeX Font Info:    Checking defaults for OMS/cmsy/m/n on input line 29.
LaTeX Font Info:    ... okay on input line 29.
LaTeX Font Info:    Checking defaults for OMX/cmex/m/n on input line 29.
LaTeX Font Info:    ... okay on input line 29.
LaTeX Font Info:    Checking defaults for U/cmr/m/n on input line 29.
LaTeX Font Info:    ... okay on input line 29.
LaTeX Font Info:    Checking defaults for PD1/pdf/m/n on input line 29.
LaTeX Font Info:    ... okay on input line 29.

(/usr/local/texlive/2015/texmf-dist/tex/context/base/supp-pdf.mkii
[Loading MPS to PDF converter (version 2006.09.02).]
\scratchcounter=\count124
\scratchdimen=\dimen129
\scratchbox=\box33
\nofMPsegments=\count125
\nofMParguments=\count126
\everyMPshowfont=\toks24
\MPscratchCnt=\count127
\MPscratchDim=\dimen130
\MPnumerator=\count128
\makeMPintoPDFobject=\count129
\everyMPtoPDFconversion=\toks25
) (/usr/local/texlive/2015/texmf-dist/tex/latex/oberdiek/epstopdf-base.sty
Package: epstopdf-base 2010/02/09 v2.5 Base part for package epstopdf

(/usr/local/texlive/2015/texmf-dist/tex/latex/oberdiek/grfext.sty
Package: grfext 2010/08/19 v1.1 Manage graphics extensions (HO)
)
Package grfext Info: Graphics extension search list:
(grfext)             [.png,.pdf,.jpg,.mps,.jpeg,.jbig2,.jb2,.PNG,.PDF,.JPG,.JPE
G,.JBIG2,.JB2,.eps]
(grfext)             \AppendGraphicsExtensions on input line 452.

(/usr/local/texlive/2015/texmf-dist/tex/latex/latexconfig/epstopdf-sys.cfg
File: epstopdf-sys.cfg 2010/07/13 v1.3 Configuration of (r)epstopdf for TeX Liv
e
))
Package caption Info: Begin \AtBeginDocument code.
Package caption Info: float package is loaded.
Package caption Info: hyperref package is loaded.
Package caption Info: listings package is loaded.
Package caption Info: rotating package is loaded.
Package caption Info: End \AtBeginDocument code.
\c@lstlisting=\count130
\AtBeginShipoutBox=\box34
Package hyperref Info: Link coloring OFF on input line 29.

(/usr/local/texlive/2015/texmf-dist/tex/latex/hyperref/nameref.sty
Package: nameref 2012/10/27 v2.43 Cross-referencing by name of section

(/usr/local/texlive/2015/texmf-dist/tex/generic/oberdiek/gettitlestring.sty
Package: gettitlestring 2010/12/03 v1.4 Cleanup title references (HO)
)
\c@section@level=\count131
)
LaTeX Info: Redefining \ref on input line 29.
LaTeX Info: Redefining \pageref on input line 29.
LaTeX Info: Redefining \nameref on input line 29.

(./Project.out) (./Project.out)
\@outlinefile=\write3
\openout3 = `Project.out'.

LaTeX Font Info:    Try loading font information for U+msa on input line 32.

(/usr/local/texlive/2015/texmf-dist/tex/latex/amsfonts/umsa.fd
File: umsa.fd 2013/01/14 v3.01 AMS symbols A
)
LaTeX Font Info:    Try loading font information for U+msb on input line 32.

(/usr/local/texlive/2015/texmf-dist/tex/latex/amsfonts/umsb.fd
File: umsb.fd 2013/01/14 v3.01 AMS symbols B
) [1

{/usr/local/texlive/2015/texmf-var/fonts/map/pdftex/updmap/pdftex.map}] [2] (./
Project.toc)
\tf@toc=\write4
\openout4 = `Project.toc'.


[3] [4]
Overfull \hbox (3.48203pt too wide) in paragraph at lines 74--75
\OT1/cmr/m/n/12 The first al-go-rithm tested is a type of Monte Carlo method ca
lled the Metropo-
 []

[5] [6] [7] [8] <random_uniform_sphere.png, id=229, 578.16pt x 433.62pt>
File: random_uniform_sphere.png Graphic file (type png)

<use random_uniform_sphere.png>
Package pdftex.def Info: random_uniform_sphere.png used on input line 157.
(pdftex.def)             Requested size: 175.49881pt x 131.62202pt.

<random_gaussian_sphere.png, id=231, 578.16pt x 433.62pt>
File: random_gaussian_sphere.png Graphic file (type png)

<use random_gaussian_sphere.png>
Package pdftex.def Info: random_gaussian_sphere.png used on input line 163.
(pdftex.def)             Requested size: 175.49881pt x 131.62202pt.
 [9 <./random_uniform_sphere.png> <./random_gaussian_sphere.png>] <convexhull.p
ng, id=239, 220.825pt x 176.66pt>
File: convexhull.png Graphic file (type png)

<use convexhull.png>
Package pdftex.def Info: convexhull.png used on input line 181.
(pdftex.def)             Requested size: 195.0pt x 156.00578pt.
 [10 <./convexhull.png>]
<metropolis_workflow.png, id=250, 524.96124pt x 896.34875pt>
File: metropolis_workflow.png Graphic file (type png)

<use metropolis_workflow.png>
Package pdftex.def Info: metropolis_workflow.png used on input line 190.
(pdftex.def)             Requested size: 312.00119pt x 532.73918pt.
 [11]
Overfull \vbox (8.73917pt too high) has occurred while \output is active []


[12 <./metropolis_workflow.png>]
<n4_3_674235.png, id=263, 578.16pt x 433.62pt>
File: n4_3_674235.png Graphic file (type png)
 <use n4_3_674235.png>
Package pdftex.def Info: n4_3_674235.png used on input line 201.
(pdftex.def)             Requested size: 140.39958pt x 105.29497pt.

<n6_9_985288.png, id=264, 578.16pt x 433.62pt>
File: n6_9_985288.png Graphic file (type png)
 <use n6_9_985288.png>
Package pdftex.def Info: n6_9_985288.png used on input line 204.
(pdftex.def)             Requested size: 140.39958pt x 105.29497pt.

<n8_19_675290.png, id=265, 578.16pt x 433.62pt>
File: n8_19_675290.png Graphic file (type png)
 <use n8_19_675290.png>
Package pdftex.def Info: n8_19_675290.png used on input line 207.
(pdftex.def)             Requested size: 140.39958pt x 105.29497pt.

<n12_49_165261.png, id=266, 578.16pt x 433.62pt>
File: n12_49_165261.png Graphic file (type png)
 <use n12_49_165261.png>
Package pdftex.def Info: n12_49_165261.png used on input line 210.
(pdftex.def)             Requested size: 140.39958pt x 105.29497pt.

<n20_150_883740.png, id=267, 578.16pt x 433.62pt>
File: n20_150_883740.png Graphic file (type png)
 <use n20_150_883740.png>
Package pdftex.def Info: n20_150_883740.png used on input line 216.
(pdftex.def)             Requested size: 140.39958pt x 105.29497pt.

<n32_412_261596.png, id=268, 578.16pt x 433.62pt>
File: n32_412_261596.png Graphic file (type png)
 <use n32_412_261596.png>
Package pdftex.def Info: n32_412_261596.png used on input line 219.
(pdftex.def)             Requested size: 140.39958pt x 105.29497pt.

<n50_1055_183662.png, id=269, 578.16pt x 433.62pt>
File: n50_1055_183662.png Graphic file (type png)
 <use n50_1055_183662.png>
Package pdftex.def Info: n50_1055_183662.png used on input line 222.
(pdftex.def)             Requested size: 140.39958pt x 105.29497pt.

<n60_1543_855053.png, id=270, 578.16pt x 433.62pt>
File: n60_1543_855053.png Graphic file (type png)
 <use n60_1543_855053.png>
Package pdftex.def Info: n60_1543_855053.png used on input line 225.
(pdftex.def)             Requested size: 140.39958pt x 105.29497pt.

[13 <./n4_3_674235.png> <./n6_9_985288.png> <./n8_19_675290.png> <./n12_49_1652
61.png> <./n20_150_883740.png> <./n32_412_261596.png> <./n50_1055_183662.png> <
./n60_1543_855053.png>] <platonic_solids.png, id=293, 36.135pt x 27.10126pt>
File: platonic_solids.png Graphic file (type png)

<use platonic_solids.png>
Package pdftex.def Info: platonic_solids.png used on input line 247.
(pdftex.def)             Requested size: 272.99881pt x 204.80504pt.
 [14 <./platonic_solids.png>] [15]
<n8_topdown.png, id=322, 578.16pt x 433.62pt>
File: n8_topdown.png Graphic file (type png)
 <use n8_topdown.png>
Package pdftex.def Info: n8_topdown.png used on input line 290.
(pdftex.def)             Requested size: 195.0pt x 146.24449pt.

<n20_topdown.png, id=323, 578.16pt x 433.62pt>
File: n20_topdown.png Graphic file (type png)
 <use n20_topdown.png>
Package pdftex.def Info: n20_topdown.png used on input line 296.
(pdftex.def)             Requested size: 195.0pt x 146.24449pt.
 [16 <./n8_topdown.png> <./n20_topdown.png>]
<n60_1000_1808_092155.png, id=345, 578.16pt x 433.62pt>
File: n60_1000_1808_092155.png Graphic file (type png)

<use n60_1000_1808_092155.png>
Package pdftex.def Info: n60_1000_1808_092155.png used on input line 317.
(pdftex.def)             Requested size: 128.70071pt x 96.5215pt.

<n60_10000_1545_443486.png, id=346, 578.16pt x 433.62pt>
File: n60_10000_1545_443486.png Graphic file (type png)

<use n60_10000_1545_443486.png>
Package pdftex.def Info: n60_10000_1545_443486.png used on input line 322.
(pdftex.def)             Requested size: 128.70071pt x 96.5215pt.

<n60_1000000_1543_857140.png, id=347, 578.16pt x 433.62pt>
File: n60_1000000_1543_857140.png Graphic file (type png)

<use n60_1000000_1543_857140.png>
Package pdftex.def Info: n60_1000000_1543_857140.png used on input line 327.
(pdftex.def)             Requested size: 128.70071pt x 96.5215pt.

<n100_uniform_4463_882842.png, id=348, 578.16pt x 433.62pt>
File: n100_uniform_4463_882842.png Graphic file (type png)

<use n100_uniform_4463_882842.png>
Package pdftex.def Info: n100_uniform_4463_882842.png used on input line 339.
(pdftex.def)             Requested size: 146.25pt x 109.68172pt.

<n100_gaussian_4449_315670.png, id=349, 578.16pt x 433.62pt>
File: n100_gaussian_4449_315670.png Graphic file (type png)

<use n100_gaussian_4449_315670.png>
Package pdftex.def Info: n100_gaussian_4449_315670.png used on input line 345.
(pdftex.def)             Requested size: 146.25pt x 109.68172pt.

<n80_0_001_2806_095916.png, id=350, 578.16pt x 433.62pt>
File: n80_0_001_2806_095916.png Graphic file (type png)

<use n80_0_001_2806_095916.png>
Package pdftex.def Info: n80_0_001_2806_095916.png used on input line 356.
(pdftex.def)             Requested size: 128.70071pt x 96.5215pt.

<n80_0_0001_2805_682371.png, id=351, 578.16pt x 433.62pt>
File: n80_0_0001_2805_682371.png Graphic file (type png)

<use n80_0_0001_2805_682371.png>
Package pdftex.def Info: n80_0_0001_2805_682371.png used on input line 361.
(pdftex.def)             Requested size: 128.70071pt x 96.5215pt.

<n80_0_00001_2805_682825.png, id=352, 578.16pt x 433.62pt>
File: n80_0_00001_2805_682825.png Graphic file (type png)

<use n80_0_00001_2805_682825.png>
Package pdftex.def Info: n80_0_00001_2805_682825.png used on input line 366.
(pdftex.def)             Requested size: 128.70071pt x 96.5215pt.
 [17] [18 <./n60_1000_1808_092155.png> <./n60_10000_1545_443486.png> <./n60_100
0000_1543_857140.png> <./n100_uniform_4463_882842.png> <./n100_gaussian_4449_31
5670.png> <./n80_0_001_2806_095916.png> <./n80_0_0001_2805_682371.png> <./n80_0
_00001_2805_682825.png>] [19] [20] [21]
<wang_landau_workflow.png, id=401, 504.88625pt x 866.23625pt>
File: wang_landau_workflow.png Graphic file (type png)

<use wang_landau_workflow.png>
Package pdftex.def Info: wang_landau_workflow.png used on input line 432.
(pdftex.def)             Requested size: 312.00119pt x 535.30298pt.


LaTeX Warning: Float too large for page by 11.30296pt on input line 435.

[22] [23 <./wang_landau_workflow.png>] <dos.png, id=413, 722.7pt x 361.35pt>
File: dos.png Graphic file (type png)

<use dos.png>
Package pdftex.def Info: dos.png used on input line 440.
(pdftex.def)             Requested size: 578.16078pt x 289.0804pt.

Overfull \hbox (29.66078pt too wide) in paragraph at lines 440--441
 [][] 
 []

[24 <./dos.png>] [25


]
Missing character: There is no ü in font cmr12!
 [26]
Underfull \hbox (badness 1472) in paragraph at lines 526--529
\OT1/cmr/m/it/12 Notes\OT1/cmr/m/n/12 . Re-trieved from []$\OT1/cmtt/m/n/12 htt
p : / / people . ucalgary . ca / []dfeder / 451 /
 []

[27] (./doc1.py
LaTeX Font Info:    Try loading font information for OMS+cmr on input line 21.
 (/usr/local/texlive/2015/texmf-dist/tex/latex/base/omscmr.fd
File: omscmr.fd 2014/09/29 v2.5h Standard LaTeX font definitions
)
LaTeX Font Info:    Font shape `OMS/cmr/m/n' in size <10.95> not available
(Font)              Font shape `OMS/cmsy/m/n' tried instead on input line 21.

[28]
LaTeX Font Info:    Try loading font information for OML+cmr on input line 42.
 (/usr/local/texlive/2015/texmf-dist/tex/latex/base/omlcmr.fd
File: omlcmr.fd 2014/09/29 v2.5h Standard LaTeX font definitions
)
LaTeX Font Info:    Font shape `OML/cmr/m/n' in size <10.95> not available
(Font)              Font shape `OML/cmm/m/it' tried instead on input line 42.
 [29]
LaTeX Font Info:    Font shape `OMS/cmr/m/it' in size <10.95> not available
(Font)              Font shape `OMS/cmsy/m/n' tried instead on input line 75.

[30]) [31] (./doc2.py [32])
Package atveryend Info: Empty hook `BeforeClearDocument' on input line 548.
 [33]
Package atveryend Info: Empty hook `AfterLastShipout' on input line 548.
 (./Project.aux)
Package atveryend Info: Executing hook `AtVeryEndDocument' on input line 548.
Package atveryend Info: Executing hook `AtEndAfterFileList' on input line 548.
Package rerunfilecheck Info: File `Project.out' has not changed.
(rerunfilecheck)             Checksum: 890DA9D7885475C5FB3F79B7D1C318DA;1934.
Package atveryend Info: Empty hook `AtVeryVeryEnd' on input line 548.
 ) 
Here is how much of TeX's memory you used:
 9112 strings out of 493089
 137614 string characters out of 6134842
 410903 words of memory out of 5000000
 12160 multiletter control sequences out of 15000+600000
 15121 words of font info for 58 fonts, out of 8000000 for 9000
 1141 hyphenation exceptions out of 8191
 42i,17n,40p,1433b,1821s stack positions out of 5000i,500n,10000p,200000b,80000s
</usr/local/texlive/2015/texmf-dist/fonts/type1/public/amsfonts/cm/cmbx10.pfb
></usr/local/texlive/2015/texmf-dist/fonts/type1/public/amsfonts/cm/cmbx12.pfb>
</usr/local/texlive/2015/texmf-dist/fonts/type1/public/amsfonts/cm/cmex10.pfb><
/usr/local/texlive/2015/texmf-dist/fonts/type1/public/amsfonts/cm/cmmi10.pfb></
usr/local/texlive/2015/texmf-dist/fonts/type1/public/amsfonts/cm/cmmi12.pfb></u
sr/local/texlive/2015/texmf-dist/fonts/type1/public/amsfonts/cm/cmmi6.pfb></usr
/local/texlive/2015/texmf-dist/fonts/type1/public/amsfonts/cm/cmmi8.pfb></usr/l
ocal/texlive/2015/texmf-dist/fonts/type1/public/amsfonts/cm/cmr10.pfb></usr/loc
al/texlive/2015/texmf-dist/fonts/type1/public/amsfonts/cm/cmr12.pfb></usr/local
/texlive/2015/texmf-dist/fonts/type1/public/amsfonts/cm/cmr17.pfb></usr/local/t
exlive/2015/texmf-dist/fonts/type1/public/amsfonts/cm/cmr6.pfb></usr/local/texl
ive/2015/texmf-dist/fonts/type1/public/amsfonts/cm/cmr8.pfb></usr/local/texlive
/2015/texmf-dist/fonts/type1/public/amsfonts/cm/cmsy10.pfb></usr/local/texlive/
2015/texmf-dist/fonts/type1/public/amsfonts/cm/cmsy8.pfb></usr/local/texlive/20
15/texmf-dist/fonts/type1/public/amsfonts/cm/cmti10.pfb></usr/local/texlive/201
5/texmf-dist/fonts/type1/public/amsfonts/cm/cmti12.pfb></usr/local/texlive/2015
/texmf-dist/fonts/type1/public/amsfonts/cm/cmtt12.pfb>
Output written on Project.pdf (33 pages, 1501154 bytes).
PDF statistics:
 766 PDF objects out of 1000 (max. 8388607)
 657 compressed objects within 7 object streams
 298 named destinations out of 1000 (max. 500000)
 350 words of extra memory for PDF output out of 10000 (max. 10000000)

