\BOOKMARK [1][-]{section.1}{The Thomson Problem}{}% 1
\BOOKMARK [2][-]{subsection.1.1}{Problem Origin}{section.1}% 2
\BOOKMARK [2][-]{subsection.1.2}{Numerical Definition}{section.1}% 3
\BOOKMARK [2][-]{subsection.1.3}{Simulation Methods}{section.1}% 4
\BOOKMARK [3][-]{subsubsection.1.3.1}{Metropolis Algorithm}{subsection.1.3}% 5
\BOOKMARK [3][-]{subsubsection.1.3.2}{Wang and Landau Algorithm}{subsection.1.3}% 6
\BOOKMARK [1][-]{section.2}{Metropolis Code}{}% 7
\BOOKMARK [2][-]{subsection.2.1}{Initial Construction}{section.2}% 8
\BOOKMARK [2][-]{subsection.2.2}{Comparison Point Generation}{section.2}% 9
\BOOKMARK [3][-]{subsubsection.2.2.1}{Box-Muller Algorithm}{subsection.2.2}% 10
\BOOKMARK [2][-]{subsection.2.3}{Main Function}{section.2}% 11
\BOOKMARK [2][-]{subsection.2.4}{Convex Hull and the Quickhull Algorithm}{section.2}% 12
\BOOKMARK [1][-]{section.3}{Algorithm Results and Polyhedra Formations}{}% 13
\BOOKMARK [2][-]{subsection.3.1}{Initial Results}{section.3}% 14
\BOOKMARK [2][-]{subsection.3.2}{The Platonic Solids}{section.3}% 15
\BOOKMARK [3][-]{subsubsection.3.2.1}{Platonic Solid Energies}{subsection.3.2}% 16
\BOOKMARK [2][-]{subsection.3.3}{Common Attributes}{section.3}% 17
\BOOKMARK [2][-]{subsection.3.4}{Parameter Comparisons}{section.3}% 18
\BOOKMARK [2][-]{subsection.3.5}{Smallest Known Energies}{section.3}% 19
\BOOKMARK [2][-]{subsection.3.6}{Method Improvements}{section.3}% 20
\BOOKMARK [1][-]{section.4}{Wang-Landau Code}{}% 21
\BOOKMARK [2][-]{subsection.4.1}{The Thomson Problem Problem}{section.4}% 22
\BOOKMARK [2][-]{subsection.4.2}{Simple Harmonic Oscillator}{section.4}% 23
\BOOKMARK [2][-]{subsection.4.3}{Algorithm Walkthrough}{section.4}% 24
\BOOKMARK [2][-]{subsection.4.4}{Wang-Landau Results}{section.4}% 25
\BOOKMARK [1][-]{section.5}{Conclusion}{}% 26
\BOOKMARK [1][-]{appendix.A}{Metropolis Algorithm Code}{}% 27
\BOOKMARK [1][-]{appendix.B}{Wang-Landau Algorithm Code}{}% 28
